2026-05-26 17:14:56,216 INFO ==================================================
2026-05-26 17:14:56,216 INFO 台股智能分析系統 v3.0 啟動
2026-05-26 17:14:56,774 INFO SQLite 初始化完成
2026-05-26 17:14:56,775 INFO 台灣現在時間：2026-05-26 17:14:56
2026-05-26 17:14:56,775 INFO 今天星期二
2026-05-26 17:14:59,451 INFO [MarketCalendar] 取得 27 個休市日
2026-05-26 17:15:00,387 INFO 今日 2026-05-26 台股開市，開始執行
2026-05-26 17:15:00,597 WARNING   [Portfolio] 略過：00905 張數錯誤：None（張數為空）
2026-05-26 17:15:00,597 WARNING   [Portfolio] 略過：00922 張數錯誤：None（張數為空）
2026-05-26 17:15:00,597 WARNING   [Portfolio] 略過：2027 張數錯誤：None（張數為空）
2026-05-26 17:15:00,597 WARNING   [Portfolio] 略過：2308 張數錯誤：None（張數為空）
2026-05-26 17:15:00,597 WARNING   [Portfolio] 略過：2330 張數錯誤：None（張數為空）
2026-05-26 17:15:00,597 WARNING   [Portfolio] 略過：2363 張數錯誤：None（張數為空）
2026-05-26 17:15:00,597 WARNING   [Portfolio] 略過：2406 張數錯誤：None（張數為空）
2026-05-26 17:15:00,598 WARNING   [Portfolio] 略過：2516 張數錯誤：None（張數為空）
2026-05-26 17:15:00,598 WARNING   [Portfolio] 略過：2609 張數錯誤：None（張數為空）
2026-05-26 17:15:00,598 WARNING   [Portfolio] 略過：2610 張數錯誤：None（張數為空）
2026-05-26 17:15:00,598 WARNING   [Portfolio] 略過：2881 張數錯誤：None（張數為空）
2026-05-26 17:15:00,598 WARNING   [Portfolio] 略過：2886 張數錯誤：None（張數為空）
2026-05-26 17:15:00,598 WARNING   [Portfolio] 略過：3040 張數錯誤：None（張數為空）
2026-05-26 17:15:00,598 WARNING   [Portfolio] 略過：5534 張數錯誤：None（張數為空）
2026-05-26 17:15:00,598 WARNING   [Portfolio] 略過：6443 張數錯誤：None（張數為空）
2026-05-26 17:15:00,598 WARNING   [Portfolio] 略過：8422 張數錯誤：None（張數為空）
2026-05-26 17:15:00,598 WARNING   [Portfolio] 略過：5548 張數錯誤：None（張數為空）
2026-05-26 17:15:00,598 WARNING   [Portfolio] 略過：6407 張數錯誤：None（張數為空）
2026-05-26 17:15:00,598 WARNING   [Portfolio] 略過：6618 張數錯誤：None（張數為空）
2026-05-26 17:15:00,598 WARNING [Portfolio] Excel 無有效庫存資料
2026-05-26 17:15:00,598 INFO 庫存載入：0 支持倉
2026-05-26 17:15:00,648 INFO 擷取：當日股價量
2026-05-26 17:15:00,649 INFO 擷取：三大法人
2026-05-26 17:15:00,651 INFO 擷取：融資融券
2026-05-26 17:15:00,652 INFO 擷取：分點進出
2026-05-26 17:15:01,895 INFO [margin] 原始欄位：['股票代號', '股票名稱', '融資買進', '融資賣出', '融資現金償還', '融資前日餘額', '融資今日餘額', '融資限額', '融券買進', '融券賣出', '融券現券償還', '融券前日餘額', '融券今日餘額', '融券限額', '資券互抵', '註記']
2026-05-26 17:15:01,908 INFO [margin] 寫入 1269 筆
2026-05-26 17:15:01,909 INFO 擷取：月營收 / 財報
2026-05-26 17:15:02,536 ERROR [institutional] 失敗：Expecting value: line 1 column 1 (char 0)
2026-05-26 17:15:02,537 INFO 擷取：總經指標
2026-05-26 17:15:02,840 INFO [price_volume] 原始欄位：['Date', 'Code', 'Name', 'TradeVolume', 'TradeValue', 'OpeningPrice', 'HighestPrice', 'LowestPrice', 'ClosingPrice', 'Change', 'Transaction']
2026-05-26 17:15:02,841 INFO [price_volume] 重命名後欄位：['date', 'stock_id', 'stock_name', 'volume', 'TradeValue', 'open', 'high', 'low', 'close', 'Change', 'Transaction']
2026-05-26 17:15:02,927 INFO [price_volume] 寫入 969 筆
2026-05-26 17:15:02,929 INFO 擷取：重大訊息
2026-05-26 17:15:02,929 INFO   [price_volume] 完成 969 筆
2026-05-26 17:15:02,930 INFO   [institutional] 完成 0 筆
2026-05-26 17:15:02,931 INFO   [margin] 完成 1269 筆
2026-05-26 17:15:03,173 INFO [chip_broker] 寫入 0 筆
2026-05-26 17:15:03,174 INFO   [chip_broker] 完成 0 筆
2026-05-26 17:15:03,658 INFO [announcements] 寫入 0 筆
2026-05-26 17:15:04,159 INFO [macro] VIX=16.78 USD/TWD=31.438 SOX=+1.99% NVDA=-1.90%
2026-05-26 17:15:06,882 INFO [financials] 共寫入 0 筆
2026-05-26 17:15:06,883 INFO   [financials] 完成 0 筆
2026-05-26 17:15:06,883 INFO   [macro] 完成 1 筆
2026-05-26 17:15:06,883 INFO   [announcements] 完成 0 筆
2026-05-26 17:15:06,890 INFO 主分析引擎啟動
2026-05-26 17:15:06,892 INFO [Scorer] 模式=accumulating 資料天數=1 α=1.00 β=0.00
2026-05-26 17:15:06,892 INFO 資料累積期，不輸出推薦
2026-05-26 17:15:06,892 INFO 資料累積期（第 1 天），不輸出推薦
2026-05-26 17:15:08,667 INFO [accumulating] 進度通知信已發送
